Arguments: 
  C:\Program Files\nodejs\node.exe F:\workspace\node\node_global\node_modules\yarn\bin\yarn.js add -D naive-ui

PATH: 
  F:\workspace\git\Git\mingw64\bin;F:\workspace\git\Git\usr\bin;C:\Users\16337\bin;C:\Windows\system32;C:\Windows;C:\Windows\System32\Wbem;C:\Windows\System32\WindowsPowerShell\v1.0;C:\Windows\System32\OpenSSH;C:\Program Files\TortoiseSVN\bin;F:\workspace\git\Git\cmd;C:\Program Files\dotnet;C:\Users\16337\AppData\Roaming\nvm;C:\Program Files\nodejs;C:\Program Files (x86)\NetSarang\Xshell 7;C:\Program Files (x86)\NetSarang\Xftp 7;C:\Users\16337\AppData\Local\Microsoft\WindowsApps;C:\Program Files\Bandizip;F:\workspace\vscode\Microsoft VS Code\bin;F:\workspace\node;F:\workspace\node\node_cache;F:\workspace\node\node_global;F:\workspace\mongodb\bin

Yarn version: 
  1.22.11

Node version: 
  16.8.0

Platform: 
  win32 x64

Trace: 
  Error: EPERM: operation not permitted, unlink 'F:\workspace\mine\blog\node_modules\esbuild-windows-64\esbuild.exe'

npm manifest: 
  {
    "name": "blog",
    "version": "0.0.0",
    "scripts": {
      "dev": "vite",
      "build": "vue-tsc --noEmit && vite build",
      "serve": "vite preview"
    },
    "dependencies": {
      "@vueuse/core": "^6.7.3",
      "axios": "^0.23.0",
      "vue": "^3.2.20",
      "vue-router": "^4.0.12",
      "vuex": "^4.0.2"
    },
    "devDependencies": {
      "@types/node": "^16.11.1",
      "@vitejs/plugin-vue": "^1.3.0",
      "@vue/compiler-sfc": "^3.0.5",
      "sass": "^1.40.0",
      "typescript": "^4.3.2",
      "vite": "^2.4.4",
      "vue-tsc": "^0.2.2"
    }
  }

yarn manifest: 
  No manifest

Lockfile: 
  # THIS IS AN AUTOGENERATED FILE. DO NOT EDIT THIS FILE DIRECTLY.
  # yarn lockfile v1
  
  
  "@babel/helper-validator-identifier@^7.14.9":
    "integrity" "sha1-Ig35k7/pBKSmsCq08zhaXr9uI4k="
    "resolved" "https://registry.nlark.com/@babel/helper-validator-identifier/download/@babel/helper-validator-identifier-7.15.7.tgz?cache=0&sync_timestamp=1631920000984&other_urls=https%3A%2F%2Fregistry.nlark.com%2F%40babel%2Fhelper-validator-identifier%2Fdownload%2F%40babel%2Fhelper-validator-identifier-7.15.7.tgz"
    "version" "7.15.7"
  
  "@babel/parser@^7.15.0", "@babel/parser@^7.6.0", "@babel/parser@^7.9.6":
    "integrity" "sha1-e6zcvnG9w/+TbVEMFdzqfPC5kBY="
    "resolved" "https://registry.npmmirror.com/@babel/parser/download/@babel/parser-7.15.8.tgz"
    "version" "7.15.8"
  
  "@babel/types@^7.6.1", "@babel/types@^7.9.6":
    "integrity" "sha1-mavcSCGLKIHAWN0KerBbmcm+dY8="
    "resolved" "https://registry.nlark.com/@babel/types/download/@babel/types-7.15.6.tgz"
    "version" "7.15.6"
    dependencies:
      "@babel/helper-validator-identifier" "^7.14.9"
      "to-fast-properties" "^2.0.0"
  
  "@emmetio/abbreviation@^2.2.2":
    "integrity" "sha1-dGdi/Z56jC6mBPWAxi48/iUOaYk="
    "resolved" "https://registry.nlark.com/@emmetio/abbreviation/download/@emmetio/abbreviation-2.2.2.tgz"
    "version" "2.2.2"
    dependencies:
      "@emmetio/scanner" "^1.0.0"
  
  "@emmetio/css-abbreviation@^2.1.4":
    "integrity" "sha1-kDYuihEizjt29sMVeQfTAYL1P1Q="
    "resolved" "https://registry.nlark.com/@emmetio/css-abbreviation/download/@emmetio/css-abbreviation-2.1.4.tgz"
    "version" "2.1.4"
    dependencies:
      "@emmetio/scanner" "^1.0.0"
  
  "@emmetio/scanner@^1.0.0":
    "integrity" "sha1-Blsq9iM/50dNRII+PeuJckr0K18="
    "resolved" "https://registry.nlark.com/@emmetio/scanner/download/@emmetio/scanner-1.0.0.tgz"
    "version" "1.0.0"
  
  "@types/node@^16.11.1":
    "integrity" "sha1-LlCmSaUPxANDOhT4Ke+s4aNEPpc="
    "resolved" "https://registry.npmmirror.com/@types/node/download/@types/node-16.11.1.tgz?cache=0&sync_timestamp=1634443508532&other_urls=https%3A%2F%2Fregistry.npmmirror.com%2F%40types%2Fnode%2Fdownload%2F%40types%2Fnode-16.11.1.tgz"
    "version" "16.11.1"
  
  "@vitejs/plugin-vue@^1.3.0":
    "integrity" "sha1-k9YYk85scj0CCa8Eg+yLkaLNgR8="
    "resolved" "https://registry.npmmirror.com/@vitejs/plugin-vue/download/@vitejs/plugin-vue-1.9.3.tgz"
    "version" "1.9.3"
  
  "@volar/code-gen@^0.27.24":
    "integrity" "sha1-zNvoWJUcHuTgw5eSMtUkEtxGdWo="
    "resolved" "https://registry.npmmirror.com/@volar/code-gen/download/@volar/code-gen-0.27.24.tgz?cache=0&sync_timestamp=1634526640821&other_urls=https%3A%2F%2Fregistry.npmmirror.com%2F%40volar%2Fcode-gen%2Fdownload%2F%40volar%2Fcode-gen-0.27.24.tgz"
    "version" "0.27.24"
    dependencies:
      "@volar/shared" "^0.27.24"
      "@volar/source-map" "^0.27.24"
  
  "@volar/html2pug@^0.27.13":
    "integrity" "sha1-SN+nPs8e8ZVaAqBG0MiIRZUPrIU="
    "resolved" "https://registry.npmmirror.com/@volar/html2pug/download/@volar/html2pug-0.27.13.tgz?cache=0&sync_timestamp=1634526639715&other_urls=https%3A%2F%2Fregistry.npmmirror.com%2F%40volar%2Fhtml2pug%2Fdownload%2F%40volar%2Fhtml2pug-0.27.13.tgz"
    "version" "0.27.13"
    dependencies:
      "domelementtype" "^2.2.0"
      "domhandler" "^4.2.0"
      "htmlparser2" "^6.1.0"
      "pug" "^3.0.2"
  
  "@volar/shared@^0.27.24":
    "integrity" "sha1-ozRX7IrAsNNn7VTJ4hkTpfjC1sI="
    "resolved" "https://registry.npmmirror.com/@volar/shared/download/@volar/shared-0.27.24.tgz?cache=0&sync_timestamp=1634526640178&other_urls=https%3A%2F%2Fregistry.npmmirror.com%2F%40volar%2Fshared%2Fdownload%2F%40volar%2Fshared-0.27.24.tgz"
    "version" "0.27.24"
    dependencies:
      "upath" "^2.0.1"
      "vscode-jsonrpc" "^8.0.0-next.2"
      "vscode-uri" "^3.0.2"
  
  "@volar/source-map@^0.27.24":
    "integrity" "sha1-YPLgcMFpvoLL9/+ilqMMKCPFIF8="
    "resolved" "https://registry.npmmirror.com/@volar/source-map/download/@volar/source-map-0.27.24.tgz?cache=0&sync_timestamp=1634526641106&other_urls=https%3A%2F%2Fregistry.npmmirror.com%2F%40volar%2Fsource-map%2Fdownload%2F%40volar%2Fsource-map-0.27.24.tgz"
    "version" "0.27.24"
    dependencies:
      "@volar/shared" "^0.27.24"
  
  "@volar/transforms@^0.27.24":
    "integrity" "sha1-aOvFPcouNohOJHwIZuw9JO2BV4Q="
    "resolved" "https://registry.npmmirror.com/@volar/transforms/download/@volar/transforms-0.27.24.tgz?cache=0&sync_timestamp=1634526641376&other_urls=https%3A%2F%2Fregistry.npmmirror.com%2F%40volar%2Ftransforms%2Fdownload%2F%40volar%2Ftransforms-0.27.24.tgz"
    "version" "0.27.24"
    dependencies:
      "@volar/shared" "^0.27.24"
      "vscode-languageserver" "^8.0.0-next.2"
  
  "@vscode/emmet-helper@^2.7.0":
    "integrity" "sha1-myzk/dYs8/2kXPivZ8ASz85V7ck="
    "resolved" "https://registry.npmmirror.com/@vscode/emmet-helper/download/@vscode/emmet-helper-2.8.2.tgz"
    "version" "2.8.2"
    dependencies:
      "emmet" "^2.3.0"
      "jsonc-parser" "^2.3.0"
      "vscode-languageserver-textdocument" "^1.0.1"
      "vscode-languageserver-types" "^3.15.1"
      "vscode-nls" "^5.0.0"
      "vscode-uri" "^2.1.2"
  
  "@vue/compiler-core@3.2.20":
    "integrity" "sha1-r1o8UjeBiDWw0L6DfrWIWo0hwWA="
    "resolved" "https://registry.npmmirror.com/@vue/compiler-core/download/@vue/compiler-core-3.2.20.tgz?cache=0&sync_timestamp=1633712761777&other_urls=https%3A%2F%2Fregistry.npmmirror.com%2F%40vue%2Fcompiler-core%2Fdownload%2F%40vue%2Fcompiler-core-3.2.20.tgz"
    "version" "3.2.20"
    dependencies:
      "@babel/parser" "^7.15.0"
      "@vue/shared" "3.2.20"
      "estree-walker" "^2.0.2"
      "source-map" "^0.6.1"
  
  "@vue/compiler-dom@^3.2.19", "@vue/compiler-dom@3.2.20":
    "integrity" "sha1-jg7zVEScD69BUZsAv8IEXq4B3LU="
    "resolved" "https://registry.npmmirror.com/@vue/compiler-dom/download/@vue/compiler-dom-3.2.20.tgz?cache=0&sync_timestamp=1633712762936&other_urls=https%3A%2F%2Fregistry.npmmirror.com%2F%40vue%2Fcompiler-dom%2Fdownload%2F%40vue%2Fcompiler-dom-3.2.20.tgz"
    "version" "3.2.20"
    dependencies:
      "@vue/compiler-core" "3.2.20"
      "@vue/shared" "3.2.20"
  
  "@vue/compiler-sfc@^3.0.5", "@vue/compiler-sfc@3.2.20":
    "integrity" "sha1-LXZo528GbFZt18CcFcmszk6Hbgo="
    "resolved" "https://registry.npmmirror.com/@vue/compiler-sfc/download/@vue/compiler-sfc-3.2.20.tgz?cache=0&sync_timestamp=1633712762379&other_urls=https%3A%2F%2Fregistry.npmmirror.com%2F%40vue%2Fcompiler-sfc%2Fdownload%2F%40vue%2Fcompiler-sfc-3.2.20.tgz"
    "version" "3.2.20"
    dependencies:
      "@babel/parser" "^7.15.0"
      "@vue/compiler-core" "3.2.20"
      "@vue/compiler-dom" "3.2.20"
      "@vue/compiler-ssr" "3.2.20"
      "@vue/ref-transform" "3.2.20"
      "@vue/shared" "3.2.20"
      "estree-walker" "^2.0.2"
      "magic-string" "^0.25.7"
      "postcss" "^8.1.10"
      "source-map" "^0.6.1"
  
  "@vue/compiler-ssr@3.2.20":
    "integrity" "sha1-nM62Jh2ZMstVaCAmEMHCj4bF5SE="
    "resolved" "https://registry.npmmirror.com/@vue/compiler-ssr/download/@vue/compiler-ssr-3.2.20.tgz?cache=0&sync_timestamp=1633712764229&other_urls=https%3A%2F%2Fregistry.npmmirror.com%2F%40vue%2Fcompiler-ssr%2Fdownload%2F%40vue%2Fcompiler-ssr-3.2.20.tgz"
    "version" "3.2.20"
    dependencies:
      "@vue/compiler-dom" "3.2.20"
      "@vue/shared" "3.2.20"
  
  "@vue/devtools-api@^6.0.0-beta.11", "@vue/devtools-api@^6.0.0-beta.18":
    "integrity" "sha1-+OiAWdqkJFFZkkJqDH6lzeB+mb8="
    "resolved" "https://registry.npmmirror.com/@vue/devtools-api/download/@vue/devtools-api-6.0.0-beta.19.tgz?cache=0&sync_timestamp=1633376929470&other_urls=https%3A%2F%2Fregistry.npmmirror.com%2F%40vue%2Fdevtools-api%2Fdownload%2F%40vue%2Fdevtools-api-6.0.0-beta.19.tgz"
    "version" "6.0.0-beta.19"
  
  "@vue/reactivity@^3.2.19", "@vue/reactivity@3.2.20":
    "integrity" "sha1-gf4cNo5/ILwOwd7BBFu+4lNYLeg="
    "resolved" "https://registry.npmmirror.com/@vue/reactivity/download/@vue/reactivity-3.2.20.tgz?cache=0&sync_timestamp=1633712785771&other_urls=https%3A%2F%2Fregistry.npmmirror.com%2F%40vue%2Freactivity%2Fdownload%2F%40vue%2Freactivity-3.2.20.tgz"
    "version" "3.2.20"
    dependencies:
      "@vue/shared" "3.2.20"
  
  "@vue/ref-transform@3.2.20":
    "integrity" "sha1-KlnskMr45cczZ3agkAv/CouBwJA="
    "resolved" "https://registry.npmmirror.com/@vue/ref-transform/download/@vue/ref-transform-3.2.20.tgz?cache=0&sync_timestamp=1633712763825&other_urls=https%3A%2F%2Fregistry.npmmirror.com%2F%40vue%2Fref-transform%2Fdownload%2F%40vue%2Fref-transform-3.2.20.tgz"
    "version" "3.2.20"
    dependencies:
      "@babel/parser" "^7.15.0"
      "@vue/compiler-core" "3.2.20"
      "@vue/shared" "3.2.20"
      "estree-walker" "^2.0.2"
      "magic-string" "^0.25.7"
  
  "@vue/runtime-core@3.2.20":
    "integrity" "sha1-j2PpVqP4j7dyVBRDxFp3ASEQEss="
    "resolved" "https://registry.npmmirror.com/@vue/runtime-core/download/@vue/runtime-core-3.2.20.tgz?cache=0&sync_timestamp=1633712786645&other_urls=https%3A%2F%2Fregistry.npmmirror.com%2F%40vue%2Fruntime-core%2Fdownload%2F%40vue%2Fruntime-core-3.2.20.tgz"
    "version" "3.2.20"
    dependencies:
      "@vue/reactivity" "3.2.20"
      "@vue/shared" "3.2.20"
  
  "@vue/runtime-dom@3.2.20":
    "integrity" "sha1-iqVq5sMPnNSnHKDp7DxL3GcUjRU="
    "resolved" "https://registry.npmmirror.com/@vue/runtime-dom/download/@vue/runtime-dom-3.2.20.tgz?cache=0&sync_timestamp=1633712766458&other_urls=https%3A%2F%2Fregistry.npmmirror.com%2F%40vue%2Fruntime-dom%2Fdownload%2F%40vue%2Fruntime-dom-3.2.20.tgz"
    "version" "3.2.20"
    dependencies:
      "@vue/runtime-core" "3.2.20"
      "@vue/shared" "3.2.20"
      "csstype" "^2.6.8"
  
  "@vue/server-renderer@3.2.20":
    "integrity" "sha1-cF4HrpQlEysrYifTCKUaE/TU7IE="
    "resolved" "https://registry.npmmirror.com/@vue/server-renderer/download/@vue/server-renderer-3.2.20.tgz?cache=0&sync_timestamp=1633713532607&other_urls=https%3A%2F%2Fregistry.npmmirror.com%2F%40vue%2Fserver-renderer%2Fdownload%2F%40vue%2Fserver-renderer-3.2.20.tgz"
    "version" "3.2.20"
    dependencies:
      "@vue/compiler-ssr" "3.2.20"
      "@vue/shared" "3.2.20"
  
  "@vue/shared@^3.2.19", "@vue/shared@3.2.20":
    "integrity" "sha1-U3RpYfcxqOpmbjMWJx6UQjjcMds="
    "resolved" "https://registry.npmmirror.com/@vue/shared/download/@vue/shared-3.2.20.tgz?cache=0&sync_timestamp=1633712765807&other_urls=https%3A%2F%2Fregistry.npmmirror.com%2F%40vue%2Fshared%2Fdownload%2F%40vue%2Fshared-3.2.20.tgz"
    "version" "3.2.20"
  
  "@vueuse/core@^6.7.3":
    "integrity" "sha1-GoJ+475VqYyTL3FkZzN6CCbVSZM="
    "resolved" "https://registry.npmmirror.com/@vueuse/core/download/@vueuse/core-6.7.3.tgz"
    "version" "6.7.3"
    dependencies:
      "@vueuse/shared" "6.7.3"
      "vue-demi" "*"
  
  "@vueuse/shared@6.7.3":
    "integrity" "sha1-ku1ps+eeGjCTb8Hx05oBB+jVIuA="
    "resolved" "https://registry.npmmirror.com/@vueuse/shared/download/@vueuse/shared-6.7.3.tgz"
    "version" "6.7.3"
    dependencies:
      "vue-demi" "*"
  
  "acorn@^7.1.1":
    "integrity" "sha1-/q7SVZc9LndVW4PbwIhRpsY1IPo="
    "resolved" "https://registry.nlark.com/acorn/download/acorn-7.4.1.tgz?cache=0&sync_timestamp=1630916517167&other_urls=https%3A%2F%2Fregistry.nlark.com%2Facorn%2Fdownload%2Facorn-7.4.1.tgz"
    "version" "7.4.1"
  
  "anymatch@~3.1.2":
    "integrity" "sha1-wFV8CWrzLxBhmPT04qODU343hxY="
    "resolved" "https://registry.nlark.com/anymatch/download/anymatch-3.1.2.tgz"
    "version" "3.1.2"
    dependencies:
      "normalize-path" "^3.0.0"
      "picomatch" "^2.0.4"
  
  "asap@~2.0.3":
    "integrity" "sha1-5QNHYR1+aQlDIIu9r+vLwvuGbUY="
    "resolved" "https://registry.nlark.com/asap/download/asap-2.0.6.tgz"
    "version" "2.0.6"
  
  "assert-never@^1.2.1":
    "integrity" "sha1-EfDjY78UYgX7CBk7XHuQ9NHPRP4="
    "resolved" "https://registry.npm.taobao.org/assert-never/download/assert-never-1.2.1.tgz"
    "version" "1.2.1"
  
  "axios@^0.23.0":
    "integrity" "sha1-sPpdCUio0ddePVY1I4tsRiWwUUk="
    "resolved" "https://registry.npmmirror.com/axios/download/axios-0.23.0.tgz?cache=0&sync_timestamp=1634053173003&other_urls=https%3A%2F%2Fregistry.npmmirror.com%2Faxios%2Fdownload%2Faxios-0.23.0.tgz"
    "version" "0.23.0"
    dependencies:
      "follow-redirects" "^1.14.4"
  
  "babel-walk@3.0.0-canary-5":
    "integrity" "sha1-9m7Ncpg1eu5ElV8jWm71QhkQSxE="
    "resolved" "https://registry.nlark.com/babel-walk/download/babel-walk-3.0.0-canary-5.tgz"
    "version" "3.0.0-canary-5"
    dependencies:
      "@babel/types" "^7.9.6"
  
  "binary-extensions@^2.0.0":
    "integrity" "sha1-dfUC7q+f/eQvyYgpZFvk6na9ni0="
    "resolved" "https://registry.nlark.com/binary-extensions/download/binary-extensions-2.2.0.tgz"
    "version" "2.2.0"
  
  "braces@~3.0.2":
    "integrity" "sha1-NFThpGLujVmeI23zNs2epPiv4Qc="
    "resolved" "https://registry.nlark.com/braces/download/braces-3.0.2.tgz"
    "version" "3.0.2"
    dependencies:
      "fill-range" "^7.0.1"
  
  "call-bind@^1.0.2":
    "integrity" "sha1-sdTonmiBGcPJqQOtMKuy9qkZvjw="
    "resolved" "https://registry.nlark.com/call-bind/download/call-bind-1.0.2.tgz"
    "version" "1.0.2"
    dependencies:
      "function-bind" "^1.1.1"
      "get-intrinsic" "^1.0.2"
  
  "character-parser@^2.2.0":
    "integrity" "sha1-x84o821LzZdE5f/CxfzeHHMmH8A="
    "resolved" "https://registry.nlark.com/character-parser/download/character-parser-2.2.0.tgz"
    "version" "2.2.0"
    dependencies:
      "is-regex" "^1.0.3"
  
  "chokidar@>=3.0.0 <4.0.0":
    "integrity" "sha1-26OXb8rbAW9m/TZQIdkWANAcHnU="
    "resolved" "https://registry.nlark.com/chokidar/download/chokidar-3.5.2.tgz?cache=0&sync_timestamp=1623763535523&other_urls=https%3A%2F%2Fregistry.nlark.com%2Fchokidar%2Fdownload%2Fchokidar-3.5.2.tgz"
    "version" "3.5.2"
    dependencies:
      "anymatch" "~3.1.2"
      "braces" "~3.0.2"
      "glob-parent" "~5.1.2"
      "is-binary-path" "~2.1.0"
      "is-glob" "~4.0.1"
      "normalize-path" "~3.0.0"
      "readdirp" "~3.6.0"
    optionalDependencies:
      "fsevents" "~2.3.2"
  
  "constantinople@^4.0.1":
    "integrity" "sha1-De8RP6Dk3I3oMzGlz3nIsyUhMVE="
    "resolved" "https://registry.npm.taobao.org/constantinople/download/constantinople-4.0.1.tgz"
    "version" "4.0.1"
    dependencies:
      "@babel/parser" "^7.6.0"
      "@babel/types" "^7.6.1"
  
  "csstype@^2.6.8":
    "integrity" "sha1-mAqLUwhfNK8xNBCvBk8r0kF4Qhg="
    "resolved" "https://registry.nlark.com/csstype/download/csstype-2.6.18.tgz?cache=0&sync_timestamp=1631540709509&other_urls=https%3A%2F%2Fregistry.nlark.com%2Fcsstype%2Fdownload%2Fcsstype-2.6.18.tgz"
    "version" "2.6.18"
  
  "doctypes@^1.1.0":
    "integrity" "sha1-6oCxBqh1OHdOijpKWv4pPeSJ4Kk="
    "resolved" "https://registry.npm.taobao.org/doctypes/download/doctypes-1.1.0.tgz"
    "version" "1.1.0"
  
  "dom-serializer@^1.0.1":
    "integrity" "sha1-YgZDfTLO767HFhgDIwx6ILwbTZE="
    "resolved" "https://registry.nlark.com/dom-serializer/download/dom-serializer-1.3.2.tgz?cache=0&sync_timestamp=1621256830355&other_urls=https%3A%2F%2Fregistry.nlark.com%2Fdom-serializer%2Fdownload%2Fdom-serializer-1.3.2.tgz"
    "version" "1.3.2"
    dependencies:
      "domelementtype" "^2.0.1"
      "domhandler" "^4.2.0"
      "entities" "^2.0.0"
  
  "domelementtype@^2.0.1", "domelementtype@^2.2.0":
    "integrity" "sha1-mgtsJ4LtahxzI9QiZxg9+b2LHVc="
    "resolved" "https://registry.npm.taobao.org/domelementtype/download/domelementtype-2.2.0.tgz?cache=0&sync_timestamp=1617298545989&other_urls=https%3A%2F%2Fregistry.npm.taobao.org%2Fdomelementtype%2Fdownload%2Fdomelementtype-2.2.0.tgz"
    "version" "2.2.0"
  
  "domhandler@^4.0.0", "domhandler@^4.2.0":
    "integrity" "sha1-6CXXIdGahrjCAaNSZOImxnjudV8="
    "resolved" "https://registry.nlark.com/domhandler/download/domhandler-4.2.2.tgz"
    "version" "4.2.2"
    dependencies:
      "domelementtype" "^2.2.0"
  
  "domutils@^2.5.2":
    "integrity" "sha1-RDfe9dtuLR9dbuhZvZXKfQIEgTU="
    "resolved" "https://registry.nlark.com/domutils/download/domutils-2.8.0.tgz"
    "version" "2.8.0"
    dependencies:
      "dom-serializer" "^1.0.1"
      "domelementtype" "^2.2.0"
      "domhandler" "^4.2.0"
  
  "emmet@^2.3.0":
    "integrity" "sha1-W6DXpVaaaMdpffqJDHcuTzF50SM="
    "resolved" "https://registry.nlark.com/emmet/download/emmet-2.3.4.tgz"
    "version" "2.3.4"
    dependencies:
      "@emmetio/abbreviation" "^2.2.2"
      "@emmetio/css-abbreviation" "^2.1.4"
  
  "entities@^2.0.0":
    "integrity" "sha1-CY3JDruD2N/6CJ1VJWs1HTTE2lU="
    "resolved" "https://registry.nlark.com/entities/download/entities-2.2.0.tgz"
    "version" "2.2.0"
  
  "esbuild-windows-64@0.13.8":
    "integrity" "sha1-fe/Y15rju35vU7ZacZC+fa+QFoY="
    "resolved" "https://registry.npmmirror.com/esbuild-windows-64/download/esbuild-windows-64-0.13.8.tgz?cache=0&sync_timestamp=1634439403833&other_urls=https%3A%2F%2Fregistry.npmmirror.com%2Fesbuild-windows-64%2Fdownload%2Fesbuild-windows-64-0.13.8.tgz"
    "version" "0.13.8"
  
  "esbuild@^0.13.2":
    "integrity" "sha1-vXzFG4gasGd4n4jhe6ynRyTB7E8="
    "resolved" "https://registry.npmmirror.com/esbuild/download/esbuild-0.13.8.tgz?cache=0&sync_timestamp=1634439403556&other_urls=https%3A%2F%2Fregistry.npmmirror.com%2Fesbuild%2Fdownload%2Fesbuild-0.13.8.tgz"
    "version" "0.13.8"
    optionalDependencies:
      "esbuild-android-arm64" "0.13.8"
      "esbuild-darwin-64" "0.13.8"
      "esbuild-darwin-arm64" "0.13.8"
      "esbuild-freebsd-64" "0.13.8"
      "esbuild-freebsd-arm64" "0.13.8"
      "esbuild-linux-32" "0.13.8"
      "esbuild-linux-64" "0.13.8"
      "esbuild-linux-arm" "0.13.8"
      "esbuild-linux-arm64" "0.13.8"
      "esbuild-linux-mips64le" "0.13.8"
      "esbuild-linux-ppc64le" "0.13.8"
      "esbuild-netbsd-64" "0.13.8"
      "esbuild-openbsd-64" "0.13.8"
      "esbuild-sunos-64" "0.13.8"
      "esbuild-windows-32" "0.13.8"
      "esbuild-windows-64" "0.13.8"
      "esbuild-windows-arm64" "0.13.8"
  
  "estree-walker@^2.0.2":
    "integrity" "sha1-UvAQF4wqTBF6d1fP6UKtt9LaTKw="
    "resolved" "https://registry.nlark.com/estree-walker/download/estree-walker-2.0.2.tgz"
    "version" "2.0.2"
  
  "fill-range@^7.0.1":
    "integrity" "sha1-GRmmp8df44ssfHflGYU12prN2kA="
    "resolved" "https://registry.nlark.com/fill-range/download/fill-range-7.0.1.tgz"
    "version" "7.0.1"
    dependencies:
      "to-regex-range" "^5.0.1"
  
  "follow-redirects@^1.14.4":
    "integrity" "sha1-g4/fSKi73XnlLuUfsclOPtmLk3k="
    "resolved" "https://registry.nlark.com/follow-redirects/download/follow-redirects-1.14.4.tgz?cache=0&sync_timestamp=1631622129411&other_urls=https%3A%2F%2Fregistry.nlark.com%2Ffollow-redirects%2Fdownload%2Ffollow-redirects-1.14.4.tgz"
    "version" "1.14.4"
  
  "function-bind@^1.1.1":
    "integrity" "sha1-pWiZ0+o8m6uHS7l3O3xe3pL0iV0="
    "resolved" "https://registry.nlark.com/function-bind/download/function-bind-1.1.1.tgz"
    "version" "1.1.1"
  
  "get-intrinsic@^1.0.2":
    "integrity" "sha1-FfWfN2+FXERpY5SPDSTNNje0q8Y="
    "resolved" "https://registry.nlark.com/get-intrinsic/download/get-intrinsic-1.1.1.tgz"
    "version" "1.1.1"
    dependencies:
      "function-bind" "^1.1.1"
      "has" "^1.0.3"
      "has-symbols" "^1.0.1"
  
  "glob-parent@~5.1.2":
    "integrity" "sha1-hpgyxYA0/mikCTwX3BXoNA2EAcQ="
    "resolved" "https://registry.npmmirror.com/glob-parent/download/glob-parent-5.1.2.tgz?cache=0&sync_timestamp=1632954501757&other_urls=https%3A%2F%2Fregistry.npmmirror.com%2Fglob-parent%2Fdownload%2Fglob-parent-5.1.2.tgz"
    "version" "5.1.2"
    dependencies:
      "is-glob" "^4.0.1"
  
  "has-symbols@^1.0.1", "has-symbols@^1.0.2":
    "integrity" "sha1-Fl0wcMADCXUqEjakeTMeOsVvFCM="
    "resolved" "https://registry.nlark.com/has-symbols/download/has-symbols-1.0.2.tgz"
    "version" "1.0.2"
  
  "has-tostringtag@^1.0.0":
    "integrity" "sha1-fhM4GKfTlHNPlB5zw9P5KR5liyU="
    "resolved" "https://registry.nlark.com/has-tostringtag/download/has-tostringtag-1.0.0.tgz?cache=0&sync_timestamp=1628198671004&other_urls=https%3A%2F%2Fregistry.nlark.com%2Fhas-tostringtag%2Fdownload%2Fhas-tostringtag-1.0.0.tgz"
    "version" "1.0.0"
    dependencies:
      "has-symbols" "^1.0.2"
  
  "has@^1.0.3":
    "integrity" "sha1-ci18v8H2qoJB8W3YFOAR4fQeh5Y="
    "resolved" "https://registry.nlark.com/has/download/has-1.0.3.tgz"
    "version" "1.0.3"
    dependencies:
      "function-bind" "^1.1.1"
  
  "htmlparser2@^6.1.0":
    "integrity" "sha1-xNditsM3GgXb5l6UrkOp+EX7j7c="
    "resolved" "https://registry.nlark.com/htmlparser2/download/htmlparser2-6.1.0.tgz?cache=0&sync_timestamp=1631386311915&other_urls=https%3A%2F%2Fregistry.nlark.com%2Fhtmlparser2%2Fdownload%2Fhtmlparser2-6.1.0.tgz"
    "version" "6.1.0"
    dependencies:
      "domelementtype" "^2.0.1"
      "domhandler" "^4.0.0"
      "domutils" "^2.5.2"
      "entities" "^2.0.0"
  
  "is-binary-path@~2.1.0":
    "integrity" "sha1-6h9/O4DwZCNug0cPhsCcJU+0Wwk="
    "resolved" "https://registry.nlark.com/is-binary-path/download/is-binary-path-2.1.0.tgz"
    "version" "2.1.0"
    dependencies:
      "binary-extensions" "^2.0.0"
  
  "is-core-module@^2.2.0":
    "integrity" "sha1-AyEzbD0JJeSX/Zf12VyxFKXM1Ug="
    "resolved" "https://registry.npmmirror.com/is-core-module/download/is-core-module-2.8.0.tgz?cache=0&sync_timestamp=1634236731601&other_urls=https%3A%2F%2Fregistry.npmmirror.com%2Fis-core-module%2Fdownload%2Fis-core-module-2.8.0.tgz"
    "version" "2.8.0"
    dependencies:
      "has" "^1.0.3"
  
  "is-expression@^4.0.0":
    "integrity" "sha1-wzFVliq/IdCv0lUlFNZ9LsFv0qs="
    "resolved" "https://registry.npm.taobao.org/is-expression/download/is-expression-4.0.0.tgz"
    "version" "4.0.0"
    dependencies:
      "acorn" "^7.1.1"
      "object-assign" "^4.1.1"
  
  "is-extglob@^2.1.1":
    "integrity" "sha1-qIwCU1eR8C7TfHahueqXc8gz+MI="
    "resolved" "https://registry.nlark.com/is-extglob/download/is-extglob-2.1.1.tgz"
    "version" "2.1.1"
  
  "is-glob@^4.0.1", "is-glob@~4.0.1":
    "integrity" "sha1-ZPYeQsu7LuwgcanawLKLoeZdUIQ="
    "resolved" "https://registry.npmmirror.com/is-glob/download/is-glob-4.0.3.tgz?cache=0&sync_timestamp=1632934586547&other_urls=https%3A%2F%2Fregistry.npmmirror.com%2Fis-glob%2Fdownload%2Fis-glob-4.0.3.tgz"
    "version" "4.0.3"
    dependencies:
      "is-extglob" "^2.1.1"
  
  "is-number@^7.0.0":
    "integrity" "sha1-dTU0W4lnNNX4DE0GxQlVUnoU8Ss="
    "resolved" "https://registry.nlark.com/is-number/download/is-number-7.0.0.tgz"
    "version" "7.0.0"
  
  "is-promise@^2.0.0":
    "integrity" "sha1-OauVnMv5p3TPB597QMeib3YxNfE="
    "resolved" "https://registry.nlark.com/is-promise/download/is-promise-2.2.2.tgz"
    "version" "2.2.2"
  
  "is-regex@^1.0.3":
    "integrity" "sha1-7vVmPNWfpMCuM5UFMj32hUuxWVg="
    "resolved" "https://registry.nlark.com/is-regex/download/is-regex-1.1.4.tgz"
    "version" "1.1.4"
    dependencies:
      "call-bind" "^1.0.2"
      "has-tostringtag" "^1.0.0"
  
  "js-stringify@^1.0.2":
    "integrity" "sha1-Fzb939lyTyijaCrcYjCufk6Weds="
    "resolved" "https://registry.nlark.com/js-stringify/download/js-stringify-1.0.2.tgz"
    "version" "1.0.2"
  
  "jsonc-parser@^2.3.0":
    "integrity" "sha1-WVSRULEz8u+sykj+nOHsBlmvI0I="
    "resolved" "https://registry.nlark.com/jsonc-parser/download/jsonc-parser-2.3.1.tgz"
    "version" "2.3.1"
  
  "jsonc-parser@^3.0.0":
    "integrity" "sha1-q914VwHH5+rKip7IzwcMpRp0WiI="
    "resolved" "https://registry.nlark.com/jsonc-parser/download/jsonc-parser-3.0.0.tgz"
    "version" "3.0.0"
  
  "jstransformer@1.0.0":
    "integrity" "sha1-7Yvwkh4vPx7U1cGkT2hwntJHIsM="
    "resolved" "https://registry.nlark.com/jstransformer/download/jstransformer-1.0.0.tgz"
    "version" "1.0.0"
    dependencies:
      "is-promise" "^2.0.0"
      "promise" "^7.0.1"
  
  "lru-cache@^6.0.0":
    "integrity" "sha1-bW/mVw69lqr5D8rR2vo7JWbbOpQ="
    "resolved" "https://registry.nlark.com/lru-cache/download/lru-cache-6.0.0.tgz"
    "version" "6.0.0"
    dependencies:
      "yallist" "^4.0.0"
  
  "magic-string@^0.25.7":
    "integrity" "sha1-P0l9b9NMZpxnmNy4IfLvMfVEUFE="
    "resolved" "https://registry.nlark.com/magic-string/download/magic-string-0.25.7.tgz?cache=0&sync_timestamp=1618847046304&other_urls=https%3A%2F%2Fregistry.nlark.com%2Fmagic-string%2Fdownload%2Fmagic-string-0.25.7.tgz"
    "version" "0.25.7"
    dependencies:
      "sourcemap-codec" "^1.4.4"
  
  "nanoid@^3.1.30":
    "integrity" "sha1-Y/k8xUjSoRPcXfvGO/oJ4rm2Q2I="
    "resolved" "https://registry.npmmirror.com/nanoid/download/nanoid-3.1.30.tgz"
    "version" "3.1.30"
  
  "normalize-path@^3.0.0", "normalize-path@~3.0.0":
    "integrity" "sha1-Dc1p/yOhybEf0JeDFmRKA4ghamU="
    "resolved" "https://registry.nlark.com/normalize-path/download/normalize-path-3.0.0.tgz"
    "version" "3.0.0"
  
  "object-assign@^4.1.1":
    "integrity" "sha1-IQmtx5ZYh8/AXLvUQsrIv7s2CGM="
    "resolved" "https://registry.nlark.com/object-assign/download/object-assign-4.1.1.tgz?cache=0&sync_timestamp=1618847043548&other_urls=https%3A%2F%2Fregistry.nlark.com%2Fobject-assign%2Fdownload%2Fobject-assign-4.1.1.tgz"
    "version" "4.1.1"
  
  "path-parse@^1.0.6":
    "integrity" "sha1-+8EUtgykKzDZ2vWFjkvWi77bZzU="
    "resolved" "https://registry.nlark.com/path-parse/download/path-parse-1.0.7.tgz"
    "version" "1.0.7"
  
  "picocolors@^1.0.0":
    "integrity" "sha1-y1vcdP8/UYkiNur3nWi8RFZKuBw="
    "resolved" "https://registry.npmmirror.com/picocolors/download/picocolors-1.0.0.tgz?cache=0&sync_timestamp=1634093339035&other_urls=https%3A%2F%2Fregistry.npmmirror.com%2Fpicocolors%2Fdownload%2Fpicocolors-1.0.0.tgz"
    "version" "1.0.0"
  
  "picomatch@^2.0.4", "picomatch@^2.2.1":
    "integrity" "sha1-8fBh3o9qS/AiiS4tEoI0+5gwKXI="
    "resolved" "https://registry.nlark.com/picomatch/download/picomatch-2.3.0.tgz?cache=0&other_urls=https%3A%2F%2Fregistry.nlark.com%2Fpicomatch%2Fdownload%2Fpicomatch-2.3.0.tgz"
    "version" "2.3.0"
  
  "postcss@^8.1.10", "postcss@^8.3.8":
    "integrity" "sha1-TWFOEIzMacZcL23GzsI91chbc68="
    "resolved" "https://registry.npmmirror.com/postcss/download/postcss-8.3.10.tgz"
    "version" "8.3.10"
    dependencies:
      "nanoid" "^3.1.30"
      "picocolors" "^1.0.0"
      "source-map-js" "^0.6.2"
  
  "promise@^7.0.1":
    "integrity" "sha1-BktyYCsY+Q8pGSuLG8QY/9Hr078="
    "resolved" "https://registry.nlark.com/promise/download/promise-7.3.1.tgz"
    "version" "7.3.1"
    dependencies:
      "asap" "~2.0.3"
  
  "pug-attrs@^3.0.0":
    "integrity" "sha1-sQRR4DSBZeMfrRzCPr3dncc0fEE="
    "resolved" "https://registry.npm.taobao.org/pug-attrs/download/pug-attrs-3.0.0.tgz"
    "version" "3.0.0"
    dependencies:
      "constantinople" "^4.0.1"
      "js-stringify" "^1.0.2"
      "pug-runtime" "^3.0.0"
  
  "pug-code-gen@^3.0.2":
    "integrity" "sha1-rRkPSUMTO/GGtguA3kgxAOEy4s4="
    "resolved" "https://registry.npm.taobao.org/pug-code-gen/download/pug-code-gen-3.0.2.tgz"
    "version" "3.0.2"
    dependencies:
      "constantinople" "^4.0.1"
      "doctypes" "^1.1.0"
      "js-stringify" "^1.0.2"
      "pug-attrs" "^3.0.0"
      "pug-error" "^2.0.0"
      "pug-runtime" "^3.0.0"
      "void-elements" "^3.1.0"
      "with" "^7.0.0"
  
  "pug-error@^2.0.0":
    "integrity" "sha1-XGIXPLCcNN4qLOBPF7it/sdNjKU="
    "resolved" "https://registry.nlark.com/pug-error/download/pug-error-2.0.0.tgz"
    "version" "2.0.0"
  
  "pug-filters@^4.0.0":
    "integrity" "sha1-0+Sa9bqEcum3pm2YDnB86dLMm14="
    "resolved" "https://registry.npm.taobao.org/pug-filters/download/pug-filters-4.0.0.tgz"
    "version" "4.0.0"
    dependencies:
      "constantinople" "^4.0.1"
      "jstransformer" "1.0.0"
      "pug-error" "^2.0.0"
      "pug-walk" "^2.0.0"
      "resolve" "^1.15.1"
  
  "pug-lexer@^5.0.1":
    "integrity" "sha1-rkRijFvvmxkLZlaDsojKkCS4sNU="
    "resolved" "https://registry.npm.taobao.org/pug-lexer/download/pug-lexer-5.0.1.tgz"
    "version" "5.0.1"
    dependencies:
      "character-parser" "^2.2.0"
      "is-expression" "^4.0.0"
      "pug-error" "^2.0.0"
  
  "pug-linker@^4.0.0":
    "integrity" "sha1-EsvAWU/Fo+Brn8Web5PBRpYqdwg="
    "resolved" "https://registry.npm.taobao.org/pug-linker/download/pug-linker-4.0.0.tgz"
    "version" "4.0.0"
    dependencies:
      "pug-error" "^2.0.0"
      "pug-walk" "^2.0.0"
  
  "pug-load@^3.0.0":
    "integrity" "sha1-n9nNpSICsIrbEdJWgfufNL1BtmI="
    "resolved" "https://registry.npm.taobao.org/pug-load/download/pug-load-3.0.0.tgz"
    "version" "3.0.0"
    dependencies:
      "object-assign" "^4.1.1"
      "pug-walk" "^2.0.0"
  
  "pug-parser@^6.0.0":
    "integrity" "sha1-qP3ANYY6lbLB3F6/Ts+AtOdqEmA="
    "resolved" "https://registry.npm.taobao.org/pug-parser/download/pug-parser-6.0.0.tgz"
    "version" "6.0.0"
    dependencies:
      "pug-error" "^2.0.0"
      "token-stream" "1.0.0"
  
  "pug-runtime@^3.0.0", "pug-runtime@^3.0.1":
    "integrity" "sha1-9jaXYgRyPzWoxfb61qzaKhkbg9c="
    "resolved" "https://registry.nlark.com/pug-runtime/download/pug-runtime-3.0.1.tgz"
    "version" "3.0.1"
  
  "pug-strip-comments@^2.0.0":
    "integrity" "sha1-+UsH/WtJVSMzD0kKf1VLT/h2MD4="
    "resolved" "https://registry.npm.taobao.org/pug-strip-comments/download/pug-strip-comments-2.0.0.tgz"
    "version" "2.0.0"
    dependencies:
      "pug-error" "^2.0.0"
  
  "pug-walk@^2.0.0":
    "integrity" "sha1-QXqrwpIyu0SZtbUGmistKiTV9f4="
    "resolved" "https://registry.npm.taobao.org/pug-walk/download/pug-walk-2.0.0.tgz"
    "version" "2.0.0"
  
  "pug@^3.0.2":
    "integrity" "sha1-81xxBzQ0VOQ7wnrg/3bHMbeOpTU="
    "resolved" "https://registry.npm.taobao.org/pug/download/pug-3.0.2.tgz"
    "version" "3.0.2"
    dependencies:
      "pug-code-gen" "^3.0.2"
      "pug-filters" "^4.0.0"
      "pug-lexer" "^5.0.1"
      "pug-linker" "^4.0.0"
      "pug-load" "^3.0.0"
      "pug-parser" "^6.0.0"
      "pug-runtime" "^3.0.1"
      "pug-strip-comments" "^2.0.0"
  
  "readdirp@~3.6.0":
    "integrity" "sha1-dKNwvYVxFuJFspzJc0DNQxoCpsc="
    "resolved" "https://registry.nlark.com/readdirp/download/readdirp-3.6.0.tgz"
    "version" "3.6.0"
    dependencies:
      "picomatch" "^2.2.1"
  
  "request-light@^0.5.4":
    "integrity" "sha1-SXqYxtiuSVNkF6Xi1/ODuTTz44w="
    "resolved" "https://registry.nlark.com/request-light/download/request-light-0.5.4.tgz"
    "version" "0.5.4"
  
  "resolve@^1.15.1", "resolve@^1.20.0":
    "integrity" "sha1-YpoBP7P3B1XW8LeTXMHCxTeLGXU="
    "resolved" "https://registry.nlark.com/resolve/download/resolve-1.20.0.tgz"
    "version" "1.20.0"
    dependencies:
      "is-core-module" "^2.2.0"
      "path-parse" "^1.0.6"
  
  "rollup@^2.57.0":
    "integrity" "sha1-pkOYM2Xnv39bfGKoMxuYO3xMZ/s="
    "resolved" "https://registry.npmmirror.com/rollup/download/rollup-2.58.0.tgz?cache=0&sync_timestamp=1633071808909&other_urls=https%3A%2F%2Fregistry.npmmirror.com%2Frollup%2Fdownload%2Frollup-2.58.0.tgz"
    "version" "2.58.0"
    optionalDependencies:
      "fsevents" "~2.3.2"
  
  "sass@*", "sass@^1.40.0":
    "integrity" "sha1-wCUBUgxiStZiJSmos3JOsI2oLWU="
    "resolved" "https://registry.npmmirror.com/sass/download/sass-1.43.2.tgz?cache=0&sync_timestamp=1634164393069&other_urls=https%3A%2F%2Fregistry.npmmirror.com%2Fsass%2Fdownload%2Fsass-1.43.2.tgz"
    "version" "1.43.2"
    dependencies:
      "chokidar" ">=3.0.0 <4.0.0"
  
  "semver@^7.3.5":
    "integrity" "sha1-C2Ich5NI2JmOSw5L6Us/EuYBjvc="
    "resolved" "https://registry.npm.taobao.org/semver/download/semver-7.3.5.tgz"
    "version" "7.3.5"
    dependencies:
      "lru-cache" "^6.0.0"
  
  "source-map-js@^0.6.2":
    "integrity" "sha1-C7XeYxtBz72mz7qL0FqA79/SOF4="
    "resolved" "https://registry.npm.taobao.org/source-map-js/download/source-map-js-0.6.2.tgz"
    "version" "0.6.2"
  
  "source-map@^0.6.1":
    "integrity" "sha1-dHIq8y6WFOnCh6jQu95IteLxomM="
    "resolved" "https://registry.nlark.com/source-map/download/source-map-0.6.1.tgz"
    "version" "0.6.1"
  
  "sourcemap-codec@^1.4.4":
    "integrity" "sha1-6oBL2UhXQC5pktBaOO8a41qatMQ="
    "resolved" "https://registry.nlark.com/sourcemap-codec/download/sourcemap-codec-1.4.8.tgz"
    "version" "1.4.8"
  
  "to-fast-properties@^2.0.0":
    "integrity" "sha1-3F5pjL0HkmW8c+A3doGk5Og/YW4="
    "resolved" "https://registry.nlark.com/to-fast-properties/download/to-fast-properties-2.0.0.tgz?cache=0&sync_timestamp=1628418893613&other_urls=https%3A%2F%2Fregistry.nlark.com%2Fto-fast-properties%2Fdownload%2Fto-fast-properties-2.0.0.tgz"
    "version" "2.0.0"
  
  "to-regex-range@^5.0.1":
    "integrity" "sha1-FkjESq58jZiKMmAY7XL1tN0DkuQ="
    "resolved" "https://registry.nlark.com/to-regex-range/download/to-regex-range-5.0.1.tgz"
    "version" "5.0.1"
    dependencies:
      "is-number" "^7.0.0"
  
  "token-stream@1.0.0":
    "integrity" "sha1-zCAOqyYT9BZtJ/+a/HylbUnfbrQ="
    "resolved" "https://registry.npm.taobao.org/token-stream/download/token-stream-1.0.0.tgz"
    "version" "1.0.0"
  
  "typescript@*", "typescript@^4.3.2":
    "integrity" "sha1-LNAaGh8WBwTTEB/VpY/w+fy4Aww="
    "resolved" "https://registry.npmmirror.com/typescript/download/typescript-4.4.4.tgz?cache=0&other_urls=https%3A%2F%2Fregistry.npmmirror.com%2Ftypescript%2Fdownload%2Ftypescript-4.4.4.tgz"
    "version" "4.4.4"
  
  "upath@^2.0.1":
    "integrity" "sha1-UMc96mjW9rmQ9R0nnOYIFmXWGos="
    "resolved" "https://registry.npm.taobao.org/upath/download/upath-2.0.1.tgz"
    "version" "2.0.1"
  
  "vite@^2.4.4", "vite@^2.5.10":
    "integrity" "sha1-ek9CDG4sfZBix/nORXioF8crOEI="
    "resolved" "https://registry.npmmirror.com/vite/download/vite-2.6.10.tgz?cache=0&sync_timestamp=1634575810811&other_urls=https%3A%2F%2Fregistry.npmmirror.com%2Fvite%2Fdownload%2Fvite-2.6.10.tgz"
    "version" "2.6.10"
    dependencies:
      "esbuild" "^0.13.2"
      "postcss" "^8.3.8"
      "resolve" "^1.20.0"
      "rollup" "^2.57.0"
    optionalDependencies:
      "fsevents" "~2.3.2"
  
  "void-elements@^3.1.0":
    "integrity" "sha1-YU9/v42AHwu18GYfWy9XhXUOTwk="
    "resolved" "https://registry.npm.taobao.org/void-elements/download/void-elements-3.1.0.tgz"
    "version" "3.1.0"
  
  "vscode-css-languageservice@^5.1.4":
    "integrity" "sha1-67+AOwP95Tm9aDWIzS2mxKYbkOI="
    "resolved" "https://registry.npmmirror.com/vscode-css-languageservice/download/vscode-css-languageservice-5.1.7.tgz?cache=0&sync_timestamp=1632844891919&other_urls=https%3A%2F%2Fregistry.npmmirror.com%2Fvscode-css-languageservice%2Fdownload%2Fvscode-css-languageservice-5.1.7.tgz"
    "version" "5.1.7"
    dependencies:
      "vscode-languageserver-textdocument" "^1.0.1"
      "vscode-languageserver-types" "^3.16.0"
      "vscode-nls" "^5.0.0"
      "vscode-uri" "^3.0.2"
  
  "vscode-html-languageservice@^4.0.7":
    "integrity" "sha1-4WYvH/O2I7kQxU0/Siqtjzl+U9c="
    "resolved" "https://registry.npmmirror.com/vscode-html-languageservice/download/vscode-html-languageservice-4.1.0.tgz"
    "version" "4.1.0"
    dependencies:
      "vscode-languageserver-textdocument" "^1.0.1"
      "vscode-languageserver-types" "^3.16.0"
      "vscode-nls" "^5.0.0"
      "vscode-uri" "^3.0.2"
  
  "vscode-json-languageservice@^4.1.7":
    "integrity" "sha1-OXo5I41Jbj4IpUSouT3yzRM0fQw="
    "resolved" "https://registry.npmmirror.com/vscode-json-languageservice/download/vscode-json-languageservice-4.1.8.tgz"
    "version" "4.1.8"
    dependencies:
      "jsonc-parser" "^3.0.0"
      "vscode-languageserver-textdocument" "^1.0.1"
      "vscode-languageserver-types" "^3.16.0"
      "vscode-nls" "^5.0.0"
      "vscode-uri" "^3.0.2"
  
  "vscode-jsonrpc@^8.0.0-next.2", "vscode-jsonrpc@8.0.0-next.3":
    "integrity" "sha1-tV7f8OVQsD84BKreRKyiaZryclU="
    "resolved" "https://registry.npmmirror.com/vscode-jsonrpc/download/vscode-jsonrpc-8.0.0-next.3.tgz"
    "version" "8.0.0-next.3"
  
  "vscode-languageserver-protocol@3.17.0-next.9":
    "integrity" "sha1-D9StQ2EclqzYPY2Zjb52Zo9g5gQ="
    "resolved" "https://registry.npmmirror.com/vscode-languageserver-protocol/download/vscode-languageserver-protocol-3.17.0-next.9.tgz"
    "version" "3.17.0-next.9"
    dependencies:
      "vscode-jsonrpc" "8.0.0-next.3"
      "vscode-languageserver-types" "3.17.0-next.4"
  
  "vscode-languageserver-textdocument@^1.0.1":
    "integrity" "sha1-L59r1bXrPY4hQkwMNnAJIW8BYjY="
    "resolved" "https://registry.npmmirror.com/vscode-languageserver-textdocument/download/vscode-languageserver-textdocument-1.0.2.tgz"
    "version" "1.0.2"
  
  "vscode-languageserver-types@^3.15.1", "vscode-languageserver-types@^3.16.0":
    "integrity" "sha1-7POT/BIexpdLLaPvsxVWRMUU4kc="
    "resolved" "https://registry.npmmirror.com/vscode-languageserver-types/download/vscode-languageserver-types-3.16.0.tgz?cache=0&other_urls=https%3A%2F%2Fregistry.npmmirror.com%2Fvscode-languageserver-types%2Fdownload%2Fvscode-languageserver-types-3.16.0.tgz"
    "version" "3.16.0"
  
  "vscode-languageserver-types@3.17.0-next.4":
    "integrity" "sha1-9niLN17BY9qLOB8vPj9UfLx/vuw="
    "resolved" "https://registry.npmmirror.com/vscode-languageserver-types/download/vscode-languageserver-types-3.17.0-next.4.tgz?cache=0&other_urls=https%3A%2F%2Fregistry.npmmirror.com%2Fvscode-languageserver-types%2Fdownload%2Fvscode-languageserver-types-3.17.0-next.4.tgz"
    "version" "3.17.0-next.4"
  
  "vscode-languageserver@^8.0.0-next.2":
    "integrity" "sha1-NscBpoROwmlQVTnjuEo3aTdgpS8="
    "resolved" "https://registry.npmmirror.com/vscode-languageserver/download/vscode-languageserver-8.0.0-next.3.tgz?cache=0&sync_timestamp=1633678367501&other_urls=https%3A%2F%2Fregistry.npmmirror.com%2Fvscode-languageserver%2Fdownload%2Fvscode-languageserver-8.0.0-next.3.tgz"
    "version" "8.0.0-next.3"
    dependencies:
      "vscode-languageserver-protocol" "3.17.0-next.9"
  
  "vscode-nls@^5.0.0":
    "integrity" "sha1-mfDaC9nqfNpE5WWnTFSx8rwleEA="
    "resolved" "https://registry.npm.taobao.org/vscode-nls/download/vscode-nls-5.0.0.tgz"
    "version" "5.0.0"
  
  "vscode-pug-languageservice@^0.27.24":
    "integrity" "sha1-+oBcTT4z3uNoHmYKB2cTZzjmg3A="
    "resolved" "https://registry.npmmirror.com/vscode-pug-languageservice/download/vscode-pug-languageservice-0.27.24.tgz?cache=0&sync_timestamp=1634526641659&other_urls=https%3A%2F%2Fregistry.npmmirror.com%2Fvscode-pug-languageservice%2Fdownload%2Fvscode-pug-languageservice-0.27.24.tgz"
    "version" "0.27.24"
    dependencies:
      "@volar/code-gen" "^0.27.24"
      "@volar/shared" "^0.27.24"
      "@volar/source-map" "^0.27.24"
      "@volar/transforms" "^0.27.24"
      "pug-lexer" "^5.0.1"
      "pug-parser" "^6.0.0"
      "vscode-languageserver" "^8.0.0-next.2"
  
  "vscode-typescript-languageservice@^0.27.25":
    "integrity" "sha1-rNIRcjtgAQjCVRU4i3XVXOFbsFY="
    "resolved" "https://registry.npmmirror.com/vscode-typescript-languageservice/download/vscode-typescript-languageservice-0.27.25.tgz?cache=0&sync_timestamp=1634526640535&other_urls=https%3A%2F%2Fregistry.npmmirror.com%2Fvscode-typescript-languageservice%2Fdownload%2Fvscode-typescript-languageservice-0.27.25.tgz"
    "version" "0.27.25"
    dependencies:
      "@volar/shared" "^0.27.24"
      "semver" "^7.3.5"
      "upath" "^2.0.1"
      "vscode-languageserver" "^8.0.0-next.2"
      "vscode-languageserver-textdocument" "^1.0.1"
  
  "vscode-uri@^2.1.2":
    "integrity" "sha1-yNQN6T61evMfPHFd1lDiyiwJbxw="
    "resolved" "https://registry.nlark.com/vscode-uri/download/vscode-uri-2.1.2.tgz"
    "version" "2.1.2"
  
  "vscode-uri@^3.0.2":
    "integrity" "sha1-7P0dBmy470w6II3s26uajCPQVdA="
    "resolved" "https://registry.nlark.com/vscode-uri/download/vscode-uri-3.0.2.tgz"
    "version" "3.0.2"
  
  "vscode-vue-languageservice@^0.27.0":
    "integrity" "sha1-HzKwID3SM1gvdKRXQoUZpjGPA54="
    "resolved" "https://registry.npmmirror.com/vscode-vue-languageservice/download/vscode-vue-languageservice-0.27.30.tgz?cache=0&sync_timestamp=1634526642540&other_urls=https%3A%2F%2Fregistry.npmmirror.com%2Fvscode-vue-languageservice%2Fdownload%2Fvscode-vue-languageservice-0.27.30.tgz"
    "version" "0.27.30"
    dependencies:
      "@volar/code-gen" "^0.27.24"
      "@volar/html2pug" "^0.27.13"
      "@volar/shared" "^0.27.24"
      "@volar/source-map" "^0.27.24"
      "@volar/transforms" "^0.27.24"
      "@vscode/emmet-helper" "^2.7.0"
      "@vue/compiler-dom" "^3.2.19"
      "@vue/reactivity" "^3.2.19"
      "@vue/shared" "^3.2.19"
      "request-light" "^0.5.4"
      "upath" "^2.0.1"
      "vscode-css-languageservice" "^5.1.4"
      "vscode-html-languageservice" "^4.0.7"
      "vscode-json-languageservice" "^4.1.7"
      "vscode-languageserver" "^8.0.0-next.2"
      "vscode-languageserver-textdocument" "^1.0.1"
      "vscode-pug-languageservice" "^0.27.24"
      "vscode-typescript-languageservice" "^0.27.25"
  
  "vue-demi@*":
    "integrity" "sha1-YQGZL+RyTPVjQBihbpU/MFLpTio="
    "resolved" "https://registry.nlark.com/vue-demi/download/vue-demi-0.11.4.tgz"
    "version" "0.11.4"
  
  "vue-router@^4.0.12":
    "integrity" "sha1-jceSzd9bsavMOQj5BkE23n4TxGA="
    "resolved" "https://registry.npmmirror.com/vue-router/download/vue-router-4.0.12.tgz?cache=0&sync_timestamp=1634663757248&other_urls=https%3A%2F%2Fregistry.npmmirror.com%2Fvue-router%2Fdownload%2Fvue-router-4.0.12.tgz"
    "version" "4.0.12"
    dependencies:
      "@vue/devtools-api" "^6.0.0-beta.18"
  
  "vue-tsc@^0.2.2":
    "integrity" "sha1-Er9I48mx5VPTGq0MZBci1dFYQdg="
    "resolved" "https://registry.npmmirror.com/vue-tsc/download/vue-tsc-0.2.3.tgz"
    "version" "0.2.3"
    dependencies:
      "vscode-vue-languageservice" "^0.27.0"
  
  "vue@^2.6.0 || ^3.2.0", "vue@^3.0.0", "vue@^3.0.0-0 || ^2.6.0", "vue@^3.0.2", "vue@^3.2.20", "vue@3.2.20":
    "integrity" "sha1-lA+KqL8+O+eCQ8pYK61B/NRa4+Y="
    "resolved" "https://registry.npmmirror.com/vue/download/vue-3.2.20.tgz?cache=0&sync_timestamp=1633712767060&other_urls=https%3A%2F%2Fregistry.npmmirror.com%2Fvue%2Fdownload%2Fvue-3.2.20.tgz"
    "version" "3.2.20"
    dependencies:
      "@vue/compiler-dom" "3.2.20"
      "@vue/compiler-sfc" "3.2.20"
      "@vue/runtime-dom" "3.2.20"
      "@vue/server-renderer" "3.2.20"
      "@vue/shared" "3.2.20"
  
  "vuex@^4.0.2":
    "integrity" "sha1-+Jbb1b8qDpY/AMZ+m2EN50nMrMk="
    "resolved" "https://registry.nlark.com/vuex/download/vuex-4.0.2.tgz?cache=0&sync_timestamp=1623945192157&other_urls=https%3A%2F%2Fregistry.nlark.com%2Fvuex%2Fdownload%2Fvuex-4.0.2.tgz"
    "version" "4.0.2"
    dependencies:
      "@vue/devtools-api" "^6.0.0-beta.11"
  
  "with@^7.0.0":
    "integrity" "sha1-zO461ULSVTinp6gKrSErmChJW6w="
    "resolved" "https://registry.npm.taobao.org/with/download/with-7.0.2.tgz"
    "version" "7.0.2"
    dependencies:
      "@babel/parser" "^7.9.6"
      "@babel/types" "^7.9.6"
      "assert-never" "^1.2.1"
      "babel-walk" "3.0.0-canary-5"
  
  "yallist@^4.0.0":
    "integrity" "sha1-m7knkNnA7/7GO+c1GeEaNQGaOnI="
    "resolved" "https://registry.nlark.com/yallist/download/yallist-4.0.0.tgz?cache=0&sync_timestamp=1622604530774&other_urls=https%3A%2F%2Fregistry.nlark.com%2Fyallist%2Fdownload%2Fyallist-4.0.0.tgz"
    "version" "4.0.0"
